current directory: /Users/huangrongjie/Library/CloudStorage/OneDrive-zju.edu.cn/PersonalPage/OldPage/gems/json-2.9.1/ext/json/ext/parser
/opt/homebrew/opt/ruby/bin/ruby extconf.rb
checking for rb_enc_interned_str() in ruby.h... yes
checking for rb_hash_new_capa() in ruby.h... yes
checking for rb_hash_bulk_insert() in ruby.h... yes
checking for rb_category_warn() in ruby.h... yes
checking for strnlen() in string.h... yes
checking for whether -std=c99 is accepted as CFLAGS... yes
creating Makefile

current directory: /Users/huangrongjie/Library/CloudStorage/OneDrive-zju.edu.cn/PersonalPage/OldPage/gems/json-2.9.1/ext/json/ext/parser
make DESTDIR\= sitearchdir\=./.gem.20250704-88715-li3r1h sitelibdir\=./.gem.20250704-88715-li3r1h clean

current directory: /Users/huangrongjie/Library/CloudStorage/OneDrive-zju.edu.cn/PersonalPage/OldPage/gems/json-2.9.1/ext/json/ext/parser
make DESTDIR\= sitearchdir\=./.gem.20250704-88715-li3r1h sitelibdir\=./.gem.20250704-88715-li3r1h
compiling parser.c
linking shared-object json/ext/parser.bundle
ld: warning: search path '/opt/homebrew/Cellar/openssl@3/3.4.1/lib' not found
ld: warning: search path '/opt/homebrew/Cellar/openssl@3/3.4.1/lib' not found

current directory: /Users/huangrongjie/Library/CloudStorage/OneDrive-zju.edu.cn/PersonalPage/OldPage/gems/json-2.9.1/ext/json/ext/parser
make DESTDIR\= sitearchdir\=./.gem.20250704-88715-li3r1h sitelibdir\=./.gem.20250704-88715-li3r1h install
/usr/bin/install -c -m 0755 parser.bundle ./.gem.20250704-88715-li3r1h/json/ext

current directory: /Users/huangrongjie/Library/CloudStorage/OneDrive-zju.edu.cn/PersonalPage/OldPage/gems/json-2.9.1/ext/json/ext/parser
make DESTDIR\= sitearchdir\=./.gem.20250704-88715-li3r1h sitelibdir\=./.gem.20250704-88715-li3r1h clean
